* using log directory ‘/home/funfrocks/rrgraph-current/package.Rcheck’
* using R version 3.4.4 (2018-03-15)
* using platform: x86_64-pc-linux-gnu (64-bit)
* using session charset: UTF-8
* checking for file ‘package/DESCRIPTION’ ... OK
* checking extension type ... Package
* this is package ‘rrgraph’ version ‘0.1’
* checking package namespace information ... OK
* checking package dependencies ... OK
* checking if this is a source package ... OK
* checking if there is a namespace ... OK
* checking for executable files ... OK
* checking for hidden files and directories ... OK
* checking for portable file names ... OK
* checking for sufficient/correct file permissions ... OK
* checking whether package ‘rrgraph’ can be installed ... ERROR
Installation failed.
See ‘/home/funfrocks/rrgraph-current/package.Rcheck/00install.out’ for details.
* DONE
Status: 1 ERROR
